Proces pripraveny.
----------------
Cakam na zelenu na semafore S1.
Na S1 mam zelenu, pokracujem. Citam vstupne slovo.
Prijal som 1. slovo 'nula-pr'.
Menim semafor S1 na citanie...
Semafor S1 uspesne zmeneny.
Cakam na zelenu na semafore S2.
Na S2 mam zelenu, pokracujem. Pisem na vystup.
Odoslal som slovo.
Menim semafor S2 na citanie...
Semafor S2 uspesne zmeneny.
----------------
Cakam na zelenu na semafore S1.
Na S1 mam zelenu, pokracujem. Citam vstupne slovo.
Prijal som 2. slovo 'desat-pr'.
Menim semafor S1 na citanie...
Semafor S1 uspesne zmeneny.
Cakam na zelenu na semafore S2.
Na S2 mam zelenu, pokracujem. Pisem na vystup.
Odoslal som slovo.
Menim semafor S2 na citanie...
Semafor S2 uspesne zmeneny.
----------------
Cakam na zelenu na semafore S1.
Na S1 mam zelenu, pokracujem. Citam vstupne slovo.
Prijal som 3. slovo 'jeden-pr'.
Menim semafor S1 na citanie...
Semafor S1 uspesne zmeneny.
Cakam na zelenu na semafore S2.
Na S2 mam zelenu, pokracujem. Pisem na vystup.
Odoslal som slovo.
Menim semafor S2 na citanie...
Semafor S2 uspesne zmeneny.
----------------
Cakam na zelenu na semafore S1.
Na S1 mam zelenu, pokracujem. Citam vstupne slovo.
Prijal som 4. slovo 'dvadsat-pr'.
Menim semafor S1 na citanie...
Semafor S1 uspesne zmeneny.
Cakam na zelenu na semafore S2.
Na S2 mam zelenu, pokracujem. Pisem na vystup.
Odoslal som slovo.
Menim semafor S2 na citanie...
Semafor S2 uspesne zmeneny.
----------------
Cakam na zelenu na semafore S1.
Na S1 mam zelenu, pokracujem. Citam vstupne slovo.
Prijal som 5. slovo 'dva-pr'.
Menim semafor S1 na citanie...
Semafor S1 uspesne zmeneny.
Cakam na zelenu na semafore S2.
Na S2 mam zelenu, pokracujem. Pisem na vystup.
Odoslal som slovo.
Menim semafor S2 na citanie...
Semafor S2 uspesne zmeneny.
----------------
Cakam na zelenu na semafore S1.
Na S1 mam zelenu, pokracujem. Citam vstupne slovo.
Prijal som 6. slovo 'tridsat-pr'.
Menim semafor S1 na citanie...
Semafor S1 uspesne zmeneny.
Cakam na zelenu na semafore S2.
Na S2 mam zelenu, pokracujem. Pisem na vystup.
Odoslal som slovo.
Menim semafor S2 na citanie...
Semafor S2 uspesne zmeneny.
----------------
Cakam na zelenu na semafore S1.
Na S1 mam zelenu, pokracujem. Citam vstupne slovo.
Prijal som 7. slovo 'tri-pr'.
Menim semafor S1 na citanie...
Semafor S1 uspesne zmeneny.
Cakam na zelenu na semafore S2.
Na S2 mam zelenu, pokracujem. Pisem na vystup.
Odoslal som slovo.
Menim semafor S2 na citanie...
Semafor S2 uspesne zmeneny.
----------------
Cakam na zelenu na semafore S1.
Na S1 mam zelenu, pokracujem. Citam vstupne slovo.
Prijal som 8. slovo 'styridsat-pr'.
Menim semafor S1 na citanie...
Semafor S1 uspesne zmeneny.
Cakam na zelenu na semafore S2.
Na S2 mam zelenu, pokracujem. Pisem na vystup.
Odoslal som slovo.
Menim semafor S2 na citanie...
Semafor S2 uspesne zmeneny.
----------------
Cakam na zelenu na semafore S1.
Na S1 mam zelenu, pokracujem. Citam vstupne slovo.
Prijal som 9. slovo 'styri-pr'.
Menim semafor S1 na citanie...
Semafor S1 uspesne zmeneny.
Cakam na zelenu na semafore S2.
Na S2 mam zelenu, pokracujem. Pisem na vystup.
Odoslal som slovo.
Menim semafor S2 na citanie...
Semafor S2 uspesne zmeneny.
----------------
Cakam na zelenu na semafore S1.
Na S1 mam zelenu, pokracujem. Citam vstupne slovo.
Prijal som 10. slovo 'patdesiat-pr'.
Menim semafor S1 na citanie...
Semafor S1 uspesne zmeneny.
Cakam na zelenu na semafore S2.
Na S2 mam zelenu, pokracujem. Pisem na vystup.
Odoslal som slovo.
Menim semafor S2 na citanie...
Semafor S2 uspesne zmeneny.
----------------
Cakam na zelenu na semafore S1.
Na S1 mam zelenu, pokracujem. Citam vstupne slovo.
Prijal som 11. slovo ''.
Menim semafor S1 na citanie...
Semafor S1 uspesne zmeneny.
Cakam na zelenu na semafore S2.
Na S2 mam zelenu, pokracujem. Pisem na vystup.
Odoslal som slovo.
Menim semafor S2 na citanie...
Semafor S2 uspesne zmeneny.
----------------
Cakam na zelenu na semafore S1.
Na S1 mam zelenu, pokracujem. Citam vstupne slovo.
Prijal som 12. slovo ''.
Menim semafor S1 na citanie...
Semafor S1 uspesne zmeneny.
Cakam na zelenu na semafore S2.
Na S2 mam zelenu, pokracujem. Pisem na vystup.
Odoslal som slovo.
Menim semafor S2 na citanie...
Semafor S2 uspesne zmeneny.
----------------
Cakam na zelenu na semafore S1.
